Reading netlist file: "/home/vguttmann/Downloads/GIDE/IDE/bin/CRT driver/impl/gwsynthesis/CRT driver.vg"
Parsing netlist file "/home/vguttmann/Downloads/GIDE/IDE/bin/CRT driver/impl/gwsynthesis/CRT driver.vg" completed
Processing netlist completed
Reading constraint file: "/home/vguttmann/Downloads/GIDE/IDE/bin/CRT driver/src/CRT driver.cst"
Physical Constraint parsed completed
Running placement......
[10%] Placement Phase 0 completed
[20%] Placement Phase 1 completed
[30%] Placement Phase 2 completed
WARN  (TA1132) :  'sys_clk' was determined to be a clock but was not created.
[50%] Placement Phase 3 completed
Running routing......
[60%] Routing Phase 0 completed
[70%] Routing Phase 1 completed
[80%] Routing Phase 2 completed
[90%] Routing Phase 3 completed
Running timing analysis......
[95%] Timing analysis completed
Placement and routing completed
Bitstream generation in progress......
Bitstream generation completed
Running power analysis......
[100%] Power analysis completed
Generate file "/home/vguttmann/Downloads/GIDE/IDE/bin/CRT driver/impl/pnr/CRT driver.power.html" completed
Generate file "/home/vguttmann/Downloads/GIDE/IDE/bin/CRT driver/impl/pnr/CRT driver.pin.html" completed
Generate file "/home/vguttmann/Downloads/GIDE/IDE/bin/CRT driver/impl/pnr/CRT driver.rpt.html" completed
Generate file "/home/vguttmann/Downloads/GIDE/IDE/bin/CRT driver/impl/pnr/CRT driver.rpt.txt" completed
Generate file "/home/vguttmann/Downloads/GIDE/IDE/bin/CRT driver/impl/pnr/CRT driver.tr.html" completed
Sun Dec 29 10:21:22 2024

