Reading netlist file: "/home/vguttmann/Documents/Programming/FPGA/CRT_driver/impl/gwsynthesis/CRT_driver.vg"
Parsing netlist file "/home/vguttmann/Documents/Programming/FPGA/CRT_driver/impl/gwsynthesis/CRT_driver.vg" completed
Processing netlist completed
Reading constraint file: "/home/vguttmann/Documents/Programming/FPGA/CRT_driver/src/CRT_driver.cst"
Physical Constraint parsed completed
Running placement......
[10%] Placement Phase 0 completed
[20%] Placement Phase 1 completed
[30%] Placement Phase 2 completed
[50%] Placement Phase 3 completed
Running routing......
[60%] Routing Phase 0 completed
[70%] Routing Phase 1 completed
[80%] Routing Phase 2 completed
[90%] Routing Phase 3 completed
Running timing analysis......
[95%] Timing analysis completed
Placement and routing completed
Bitstream generation in progress......
Bitstream generation completed
Running power analysis......
[100%] Power analysis completed
Generate file "/home/vguttmann/Documents/Programming/FPGA/CRT_driver/impl/pnr/CRT_driver.power.html" completed
Generate file "/home/vguttmann/Documents/Programming/FPGA/CRT_driver/impl/pnr/CRT_driver.pin.html" completed
Generate file "/home/vguttmann/Documents/Programming/FPGA/CRT_driver/impl/pnr/CRT_driver.rpt.html" completed
Generate file "/home/vguttmann/Documents/Programming/FPGA/CRT_driver/impl/pnr/CRT_driver.rpt.txt" completed
Generate file "/home/vguttmann/Documents/Programming/FPGA/CRT_driver/impl/pnr/CRT_driver.tr.html" completed
Fri Jan  3 11:28:35 2025

