GowinSynthesis start
Running parser ...
Analyzing VHDL file '/home/vguttmann/Documents/Programming/FPGA/CRT_driver/src/Counter.vhd'
Analyzing entity 'primary_counter'("/home/vguttmann/Documents/Programming/FPGA/CRT_driver/src/Counter.vhd":5)
Analyzing architecture 'rtl'("/home/vguttmann/Documents/Programming/FPGA/CRT_driver/src/Counter.vhd":21)
Analyzing VHDL file '/home/vguttmann/Documents/Programming/FPGA/CRT_driver/src/ps2_keyboard.vhd'
Analyzing entity 'ps2_keyboard'("/home/vguttmann/Documents/Programming/FPGA/CRT_driver/src/ps2_keyboard.vhd":26)
Analyzing architecture 'logic'("/home/vguttmann/Documents/Programming/FPGA/CRT_driver/src/ps2_keyboard.vhd":38)
Analyzing VHDL file '/home/vguttmann/Documents/Programming/FPGA/CRT_driver/src/debounce.vhd'
Analyzing entity 'debounce'("/home/vguttmann/Documents/Programming/FPGA/CRT_driver/src/debounce.vhd":27)
Analyzing architecture 'logic'("/home/vguttmann/Documents/Programming/FPGA/CRT_driver/src/debounce.vhd":36)
Processing 'ps2_keyboard(logic)'("/home/vguttmann/Documents/Programming/FPGA/CRT_driver/src/ps2_keyboard.vhd":26)
Processing 'debounce(counter_size=8)(logic)'("/home/vguttmann/Documents/Programming/FPGA/CRT_driver/src/debounce.vhd":27)
NOTE  (EX0101) : Current top module is "ps2_keyboard"
[5%] Running netlist conversion ...
Running device independent optimization ...
[10%] Optimizing Phase 0 completed
[15%] Optimizing Phase 1 completed
[25%] Optimizing Phase 2 completed
Running inference ...
[30%] Inferring Phase 0 completed
[40%] Inferring Phase 1 completed
[50%] Inferring Phase 2 completed
[55%] Inferring Phase 3 completed
Running technical mapping ...
[60%] Tech-Mapping Phase 0 completed
[65%] Tech-Mapping Phase 1 completed
[75%] Tech-Mapping Phase 2 completed
[80%] Tech-Mapping Phase 3 completed
[90%] Tech-Mapping Phase 4 completed
[95%] Generate netlist file "/home/vguttmann/Documents/Programming/FPGA/CRT_driver/impl/gwsynthesis/CRT_driver.vg" completed
[100%] Generate report file "/home/vguttmann/Documents/Programming/FPGA/CRT_driver/impl/gwsynthesis/CRT_driver_syn.rpt.html" completed
GowinSynthesis finish
